[33m❯[39m Building...
[32m✔[39m Building...
[1mInitial chunk files[22m  [2m | [22m[1mNames[22m                   [2m | [22m [1mRaw size[22m[2m | [22m[1mEstimated transfer size[22m
[32mchunk-6JSNIO2G.js[39m    [2m | [22m[2m-[22m                       [2m | [22m[36m226.56 kB[39m[2m | [22m               [36m64.44 kB[39m
[32mstyles-3RSROOZV.css[39m  [2m | [22m[2mstyles[22m                  [2m | [22m [36m90.80 kB[39m[2m | [22m                [36m8.48 kB[39m
[32mchunk-ACY4WVXQ.js[39m    [2m | [22m[2m-[22m                       [2m | [22m [36m81.76 kB[39m[2m | [22m               [36m19.90 kB[39m
[32mmain-DTN7F7DG.js[39m     [2m | [22m[2mmain[22m                    [2m | [22m [36m62.03 kB[39m[2m | [22m               [36m16.72 kB[39m
[32mpolyfills-FFHMD2TL.js[39m[2m | [22m[2mpolyfills[22m               [2m | [22m [36m34.52 kB[39m[2m | [22m               [36m11.28 kB[39m
[32mchunk-SLGPX2ND.js[39m    [2m | [22m[2m-[22m                       [2m | [22m  [36m1.67 kB[39m[2m | [22m              [36m618 bytes[39m
[32mchunk-YCMZOG5D.js[39m    [2m | [22m[2m-[22m                       [2m | [22m [36m73 bytes[39m[2m | [22m               [36m73 bytes[39m

[1m [22m                    [2m | [22m[1mInitial total[22m           [2m | [22m[1m497.42 kB[22m[2m | [22m              [1m121.51 kB[22m

[1mLazy chunk files[22m     [2m | [22m[1mNames[22m                   [2m | [22m [1mRaw size[22m[2m | [22m[1mEstimated transfer size[22m
[32mchunk-HNMV2PS5.js[39m    [2m | [22m[2m-[22m                       [2m | [22m[36m122.80 kB[39m[2m | [22m               [36m22.95 kB[39m
[32mchunk-P7HN5H3S.js[39m    [2m | [22m[2mpurchase-form-component[22m [2m | [22m [36m96.84 kB[39m[2m | [22m               [36m18.70 kB[39m
[32mchunk-RFM3TPKV.js[39m    [2m | [22m[2m-[22m                       [2m | [22m [36m66.78 kB[39m[2m | [22m               [36m16.29 kB[39m
[32mchunk-Q2OWGE44.js[39m    [2m | [22m[2mlayout-component[22m        [2m | [22m [36m62.11 kB[39m[2m | [22m               [36m10.59 kB[39m
[32mchunk-MH2VXUWF.js[39m    [2m | [22m[2m-[22m                       [2m | [22m [36m54.11 kB[39m[2m | [22m                [36m9.02 kB[39m
[32mchunk-4IKFU3EN.js[39m    [2m | [22m[2m-[22m                       [2m | [22m [36m42.93 kB[39m[2m | [22m                [36m8.48 kB[39m
[32mchunk-XYH6MH5Y.js[39m    [2m | [22m[2m-[22m                       [2m | [22m [36m38.12 kB[39m[2m | [22m                [36m7.88 kB[39m
[32mchunk-S6CVKGS6.js[39m    [2m | [22m[2m-[22m                       [2m | [22m [36m28.90 kB[39m[2m | [22m                [36m6.78 kB[39m
[32mchunk-KHFZAU7C.js[39m    [2m | [22m[2m-[22m                       [2m | [22m [36m24.25 kB[39m[2m | [22m                [36m6.59 kB[39m
[32mchunk-QHKVOWXU.js[39m    [2m | [22m[2m-[22m                       [2m | [22m [36m22.87 kB[39m[2m | [22m                [36m6.32 kB[39m
[32mchunk-K2SJH3O2.js[39m    [2m | [22m[2m-[22m                       [2m | [22m [36m22.24 kB[39m[2m | [22m                [36m5.94 kB[39m
[32mchunk-3MKJWEFB.js[39m    [2m | [22m[2m-[22m                       [2m | [22m [36m20.24 kB[39m[2m | [22m                [36m5.52 kB[39m
[32mchunk-G6QBHVRS.js[39m    [2m | [22m[2musers-list-component[22m    [2m | [22m [36m16.31 kB[39m[2m | [22m                [36m4.43 kB[39m
[32mchunk-F6Y6GPA4.js[39m    [2m | [22m[2mcustomers-list-component[22m[2m | [22m [36m13.40 kB[39m[2m | [22m                [36m3.78 kB[39m
[32mchunk-ZJOCXRYO.js[39m    [2m | [22m[2m-[22m                       [2m | [22m [36m12.49 kB[39m[2m | [22m                [36m3.82 kB[39m
[2m...and 20 more lazy chunks files. Use "--verbose" to show all the files.[22m

Application bundle generation complete. [6.688 seconds]

Output location: D:\Supriem blue\frontend\dist\supreme-blue-frontend

