
> backend@0.0.1 start
> nest start

[96mprisma/seed.ts[0m:[93m193[0m:[93m9[0m - [91merror[0m[90m TS2322: [0mType '{ itemCode: string; itemName: string; itemType: string; categoryId: number; unitId: number; isActive: boolean; }' is not assignable to type '(Without<ItemCreateInput, ItemUncheckedCreateInput> & ItemUncheckedCreateInput) | (Without<...> & ItemCreateInput)'.
  Type '{ itemCode: string; itemName: string; itemType: string; categoryId: number; unitId: number; isActive: boolean; }' is not assignable to type 'Without<ItemCreateInput, ItemUncheckedCreateInput> & ItemUncheckedCreateInput'.
    Type '{ itemCode: string; itemName: string; itemType: string; categoryId: number; unitId: number; isActive: boolean; }' is not assignable to type 'ItemUncheckedCreateInput'.
      Types of property 'itemType' are incompatible.
        Type 'string' is not assignable to type 'ItemType'.

[7m193[0m         create: item,
[7m   [0m [91m        ~~~~~~[0m

  [96mnode_modules/.prisma/client/index.d.ts[0m:[93m15613[0m:[93m5[0m
    [7m15613[0m     create: XOR<ItemCreateInput, ItemUncheckedCreateInput>
    [7m     [0m [96m    ~~~~~~[0m
    The expected type comes from property 'create' which is declared here on type '{ select?: ItemSelect<DefaultArgs> | null | undefined; include?: ItemInclude<DefaultArgs> | null | undefined; where: ItemWhereUniqueInput; create: (Without<...> & ItemUncheckedCreateInput) | (Without<...> & ItemCreateInput); update: (Without<...> & ItemUncheckedUpdateInput) | (Without<...> & ItemUpdateInput); }'
[96msrc/purchasing/purchasing.service.ts[0m:[93m248[0m:[93m40[0m - [91merror[0m[90m TS18048: [0m'line.unitPrice' is possibly 'undefined'.

[7m248[0m           const lineTotal = line.qty * line.unitPrice;
[7m   [0m [91m                                       ~~~~~~~~~~~~~~[0m
[96msrc/purchasing/purchasing.service.ts[0m:[93m261[0m:[93m56[0m - [91merror[0m[90m TS18048: [0m'line.unitPrice' is possibly 'undefined'.

[7m261[0m             Math.abs(Number(supplierPrice.unitPrice) - line.unitPrice) > 0.01
[7m   [0m [91m                                                       ~~~~~~~~~~~~~~[0m
[96msrc/purchasing/purchasing.service.ts[0m:[93m292[0m:[93m15[0m - [91merror[0m[90m TS18048: [0m'subtotal' is possibly 'undefined'.

[7m292[0m       total = subtotal - Number(discount) + Number(tax);
[7m   [0m [91m              ~~~~~~~~[0m

Found 4 error(s).

